Using pre-set license
Built from '2020.3/staging' branch; Version is '2020.3.11f1 (99c7afb366b3) revision 10078127'; Using compiler version '192528614'; Build Type 'Release'
OS: 'Windows 10 Home; OS build 19041.928; Version 2004; 64bit' Language: 'ru' Physical Memory: 16318 MB
BatchMode: 1, IsHumanControllingUs: 0, StartBugReporterOnCrash: 0, Is64bit: 1, IsPro: 0

 COMMAND LINE ARGUMENTS:
C:\Program Files\Unity\Hub\Editor\2020.3.11f1\Editor\Unity.exe
-adb2
-batchMode
-noUpm
-name
AssetImportWorker0
-projectPath
D:/Work/Courses/Projects/TopdownShooter
-logFile
Logs/AssetImportWorker0.log
-srvPort
54515
Successfully changed project path to: D:/Work/Courses/Projects/TopdownShooter
D:/Work/Courses/Projects/TopdownShooter
Using Asset Import Pipeline V2.
Refreshing native plugins compatible for Editor in 55.82 ms, found 3 plugins.
Preloading 0 native plugins for Editor in 0.00 ms.
Initialize engine version: 2020.3.11f1 (99c7afb366b3)
[Subsystems] Discovering subsystems at path C:/Program Files/Unity/Hub/Editor/2020.3.11f1/Editor/Data/Resources/UnitySubsystems
[Subsystems] Discovering subsystems at path D:/Work/Courses/Projects/TopdownShooter/Assets
GfxDevice: creating device client; threaded=0
Direct3D:
    Version:  Direct3D 11.0 [level 11.1]
    Renderer: NVIDIA GeForce GTX 1050 (ID=0x1c81)
    Vendor:   
    VRAM:     1977 MB
    Driver:   27.21.14.6589
Initialize mono
Mono path[0] = 'C:/Program Files/Unity/Hub/Editor/2020.3.11f1/Editor/Data/Managed'
Mono path[1] = 'C:/Program Files/Unity/Hub/Editor/2020.3.11f1/Editor/Data/MonoBleedingEdge/lib/mono/unityjit'
Mono config path = 'C:/Program Files/Unity/Hub/Editor/2020.3.11f1/Editor/Data/MonoBleedingEdge/etc'
Using monoOptions --debugger-agent=transport=dt_socket,embedding=1,server=y,suspend=n,address=127.0.0.1:56540
Begin MonoManager ReloadAssembly
Registering precompiled unity dll's ...
Register platform support module: C:/Program Files/Unity/Hub/Editor/2020.3.11f1/Editor/Data/PlaybackEngines/WindowsStandaloneSupport/UnityEditor.WindowsStandalone.Extensions.dll
Registered in 0.002808 seconds.
Native extension for WindowsStandalone target not found
Refreshing native plugins compatible for Editor in 53.63 ms, found 3 plugins.
Preloading 0 native plugins for Editor in 0.00 ms.
Mono: successfully reloaded assembly
- Completed reload, in  3.326 seconds
Platform modules already initialized, skipping
Registering precompiled user dll's ...
Registered in 0.004168 seconds.
Begin MonoManager ReloadAssembly
Native extension for WindowsStandalone target not found
Refreshing native plugins compatible for Editor in 51.10 ms, found 3 plugins.
Preloading 0 native plugins for Editor in 0.00 ms.
Mono: successfully reloaded assembly
- Completed reload, in  1.725 seconds
Platform modules already initialized, skipping
========================================================================
Worker process is ready to serve import requests
Launched and connected shader compiler UnityShaderCompiler.exe after 0.06 seconds
Refreshing native plugins compatible for Editor in 0.44 ms, found 3 plugins.
Preloading 0 native plugins for Editor in 0.00 ms.
Unloading 2081 Unused Serialized files (Serialized files now loaded: 0)
System memory in use before: 92.9 MB.
System memory in use after: 92.8 MB.

Unloading 33 unused Assets to reduce memory usage. Loaded Objects now: 2514.
Total: 2.387600 ms (FindLiveObjects: 0.214500 ms CreateObjectMapping: 0.191100 ms MarkObjects: 1.835900 ms  DeleteObjects: 0.145000 ms)

========================================================================
Received Import Request.
  path: Assets/Art
  artifactKey: Guid(781394687f6bb644d9a601bb8d8ada68) Importer(815301076,1909f56bfc062723c751e8b465ee728b)
Start importing Assets/Art using Guid(781394687f6bb644d9a601bb8d8ada68) Importer(815301076,1909f56bfc062723c751e8b465ee728b)  -> (artifact id: 'a995405b78c297147522dc2b70c2f4d2') in 0.010134 seconds
  Import took 0.013674 seconds .

========================================================================
Received Import Request.
  Time since last request: 4.258578 seconds.
  path: Assets/Art/Girl_Gun_Shot_000.png
  artifactKey: Guid(d26d6e287b08f3f4a9451826cbb6d4ee) Importer(815301076,1909f56bfc062723c751e8b465ee728b)
Start importing Assets/Art/Girl_Gun_Shot_000.png using Guid(d26d6e287b08f3f4a9451826cbb6d4ee) Importer(815301076,1909f56bfc062723c751e8b465ee728b)  -> (artifact id: '25e7f5a27f48176bf2cbc7f9be452a60') in 0.191450 seconds
  Import took 0.195374 seconds .

========================================================================
Received Import Request.
  Time since last request: 1.372821 seconds.
  path: Assets/Art/Man_Gun_Shot_000.png
  artifactKey: Guid(21acf1c7465919949a9b4d8a67db747d) Importer(815301076,1909f56bfc062723c751e8b465ee728b)
Start importing Assets/Art/Man_Gun_Shot_000.png using Guid(21acf1c7465919949a9b4d8a67db747d) Importer(815301076,1909f56bfc062723c751e8b465ee728b)  -> (artifact id: 'd794d8b45e97babca5cf5e6a73e6a7e1') in 0.022150 seconds
  Import took 0.027485 seconds .

========================================================================
Received Import Request.
  Time since last request: 1.071580 seconds.
  path: Assets/Art/Shot.png
  artifactKey: Guid(d525633a773e6434f8cb1d275a708176) Importer(815301076,1909f56bfc062723c751e8b465ee728b)
Start importing Assets/Art/Shot.png using Guid(d525633a773e6434f8cb1d275a708176) Importer(815301076,1909f56bfc062723c751e8b465ee728b)  -> (artifact id: 'b7b76c06ac0ae038bfa74ad2e39af055') in 0.023341 seconds
  Import took 0.029285 seconds .

========================================================================
Received Import Request.
  Time since last request: 177.712437 seconds.
  path: Assets/Scripts/PlayerMovement.cs
  artifactKey: Guid(63e7c92407702e6489960781a7bfdfb6) Importer(815301076,1909f56bfc062723c751e8b465ee728b)
Start importing Assets/Scripts/PlayerMovement.cs using Guid(63e7c92407702e6489960781a7bfdfb6) Importer(815301076,1909f56bfc062723c751e8b465ee728b)  -> (artifact id: '14783e2c1cc13f0b8535e1400cb510b8') in 0.028516 seconds
  Import took 0.047078 seconds .

========================================================================
Received Prepare
Registering precompiled user dll's ...
Registered in 0.004116 seconds.
Begin MonoManager ReloadAssembly
Native extension for WindowsStandalone target not found
Refreshing native plugins compatible for Editor in 0.45 ms, found 3 plugins.
Preloading 0 native plugins for Editor in 0.00 ms.
Mono: successfully reloaded assembly
- Completed reload, in  1.415 seconds
Platform modules already initialized, skipping
Refreshing native plugins compatible for Editor in 0.50 ms, found 3 plugins.
Preloading 0 native plugins for Editor in 0.00 ms.
Unloading 2077 Unused Serialized files (Serialized files now loaded: 0)
System memory in use before: 95.8 MB.
System memory in use after: 95.8 MB.

Unloading 21 unused Assets to reduce memory usage. Loaded Objects now: 2527.
Total: 2.257000 ms (FindLiveObjects: 0.184200 ms CreateObjectMapping: 0.084900 ms MarkObjects: 1.859000 ms  DeleteObjects: 0.127800 ms)

========================================================================
Received Prepare
Registering precompiled user dll's ...
Registered in 0.004102 seconds.
Begin MonoManager ReloadAssembly
Native extension for WindowsStandalone target not found
Refreshing native plugins compatible for Editor in 5.29 ms, found 3 plugins.
Preloading 0 native plugins for Editor in 0.00 ms.
